<component name="libraryTable">
  <library name="junit-4.122">
    <CLASSES>
      <root url="jar://$USER_HOME$/Documents/2020 Spring/CS 1332/.idea/checkstyleidea-libs/Stuff/junit-4.12.jar!/" />
    </CLASSES>
    <JAVADOC />
    <SOURCES />
  </library>
</component>